This file contains any messages produced by compilers while
running configure, to aid debugging if configure makes a mistake.

It was created by compDmpi configure 1.0, which was
generated by GNU Autoconf 2.69.  Invocation command line was

  $ ./configure 

## --------- ##
## Platform. ##
## --------- ##

hostname = js-104-93.jetstream-cloud.org
uname -m = x86_64
uname -r = 4.15.0-29-generic
uname -s = Linux
uname -v = #31-Ubuntu SMP Tue Jul 17 15:39:52 UTC 2018

/usr/bin/uname -p = unknown
/bin/uname -X     = unknown

/bin/arch              = unknown
/usr/bin/arch -k       = unknown
/usr/convex/getsysinfo = unknown
/usr/bin/hostinfo      = unknown
/bin/machine           = unknown
/usr/bin/oslevel       = unknown
/bin/universe          = unknown

PATH: /home/mussmann/miniconda3/bin
PATH: /usr/local/sbin
PATH: /usr/local/bin
PATH: /usr/sbin
PATH: /usr/bin
PATH: /sbin
PATH: /bin
PATH: /usr/games
PATH: /usr/local/games
PATH: /snap/bin


## ----------- ##
## Core tests. ##
## ----------- ##

configure:1975: checking for a BSD-compatible install
configure:2043: result: /usr/bin/install -c
configure:2054: checking whether build environment is sane
configure:2109: result: yes
configure:2260: checking for a thread-safe mkdir -p
configure:2299: result: /bin/mkdir -p
configure:2306: checking for gawk
configure:2322: found /usr/bin/gawk
configure:2333: result: gawk
configure:2344: checking whether make sets $(MAKE)
configure:2366: result: yes
configure:2395: checking whether make supports nested variables
configure:2412: result: yes
configure:2581: checking for ranlib
configure:2597: found /usr/bin/ranlib
configure:2608: result: ranlib
configure:2694: checking for mpic++
configure:2710: found /usr/bin/mpic++
configure:2721: result: mpic++
configure:2748: checking for C++ compiler version
configure:2757: mpic++ --version >&5
g++ (Ubuntu 7.3.0-16ubuntu3) 7.3.0
Copyright (C) 2017 Free Software Foundation, Inc.
This is free software; see the source for copying conditions.  There is NO
warranty; not even for MERCHANTABILITY or FITNESS FOR A PARTICULAR PURPOSE.

configure:2768: $? = 0
configure:2757: mpic++ -v >&5
mpicxx for MPICH version 3.3a2
Using built-in specs.
COLLECT_GCC=g++
COLLECT_LTO_WRAPPER=/usr/lib/gcc/x86_64-linux-gnu/7/lto-wrapper
OFFLOAD_TARGET_NAMES=nvptx-none
OFFLOAD_TARGET_DEFAULT=1
Target: x86_64-linux-gnu
Configured with: ../src/configure -v --with-pkgversion='Ubuntu 7.3.0-16ubuntu3' --with-bugurl=file:///usr/share/doc/gcc-7/README.Bugs --enable-languages=c,ada,c++,go,brig,d,fortran,objc,obj-c++ --prefix=/usr --with-gcc-major-version-only --with-as=/usr/bin/x86_64-linux-gnu-as --with-ld=/usr/bin/x86_64-linux-gnu-ld --program-suffix=-7 --program-prefix=x86_64-linux-gnu- --enable-shared --enable-linker-build-id --libexecdir=/usr/lib --without-included-gettext --enable-threads=posix --libdir=/usr/lib --enable-nls --with-sysroot=/ --enable-clocale=gnu --enable-libstdcxx-debug --enable-libstdcxx-time=yes --with-default-libstdcxx-abi=new --enable-gnu-unique-object --disable-vtable-verify --enable-libmpx --enable-plugin --enable-default-pie --with-system-zlib --with-target-system-zlib --enable-objc-gc=auto --enable-multiarch --disable-werror --with-arch-32=i686 --with-abi=m64 --with-multilib-list=m32,m64,mx32 --enable-multilib --with-tune=generic --enable-offload-targets=nvptx-none --without-cuda-driver --enable-checking=release --build=x86_64-linux-gnu --host=x86_64-linux-gnu --target=x86_64-linux-gnu
Thread model: posix
gcc version 7.3.0 (Ubuntu 7.3.0-16ubuntu3) 
configure:2768: $? = 0
configure:2757: mpic++ -V >&5
g++: error: unrecognized command line option '-V'
configure:2768: $? = 1
configure:2757: mpic++ -qversion >&5
g++: error: unrecognized command line option '-qversion'; did you mean '--version'?
configure:2768: $? = 1
configure:2788: checking whether the C++ compiler works
configure:2810: mpic++    conftest.cpp  >&5
configure:2814: $? = 0
configure:2862: result: yes
configure:2865: checking for C++ compiler default output file name
configure:2867: result: a.out
configure:2873: checking for suffix of executables
configure:2880: mpic++ -o conftest    conftest.cpp  >&5
configure:2884: $? = 0
configure:2906: result: 
configure:2928: checking whether we are cross compiling
configure:2936: mpic++ -o conftest    conftest.cpp  >&5
configure:2940: $? = 0
configure:2947: ./conftest
configure:2951: $? = 0
configure:2966: result: no
configure:2971: checking for suffix of object files
configure:2993: mpic++ -c   conftest.cpp >&5
configure:2997: $? = 0
configure:3018: result: o
configure:3022: checking whether we are using the GNU C++ compiler
configure:3041: mpic++ -c   conftest.cpp >&5
configure:3041: $? = 0
configure:3050: result: yes
configure:3059: checking whether mpic++ accepts -g
configure:3079: mpic++ -c -g  conftest.cpp >&5
configure:3079: $? = 0
configure:3120: result: yes
configure:3154: checking for style of include used by make
configure:3182: result: GNU
configure:3208: checking dependency style of mpic++
configure:3319: result: gcc3
configure:3481: checking that generated files are newer than configure
configure:3487: result: done
configure:3510: creating ./config.status

## ---------------------- ##
## Running config.status. ##
## ---------------------- ##

This file was extended by compDmpi config.status 1.0, which was
generated by GNU Autoconf 2.69.  Invocation command line was

  CONFIG_FILES    = 
  CONFIG_HEADERS  = 
  CONFIG_LINKS    = 
  CONFIG_COMMANDS = 
  $ ./config.status 

on js-104-93.jetstream-cloud.org

config.status:792: creating Makefile
config.status:792: creating src/Makefile
config.status:964: executing depfiles commands
configure:4645: checking build system type
configure:4659: result: x86_64-pc-linux-gnu
configure:4679: checking host system type
configure:4692: result: x86_64-pc-linux-gnu
configure:4850: checking for boostlib >= 1.54 (105400)
configure:4882: mpic++ -c -g -O2  -I/usr/include conftest.cpp >&5
configure:4882: $? = 0
configure:4884: result: yes
configure:5093: checking for gcc
configure:5109: found /usr/bin/gcc
configure:5120: result: gcc
configure:5349: checking for C compiler version
configure:5358: gcc --version >&5
gcc (Ubuntu 7.3.0-16ubuntu3) 7.3.0
Copyright (C) 2017 Free Software Foundation, Inc.
This is free software; see the source for copying conditions.  There is NO
warranty; not even for MERCHANTABILITY or FITNESS FOR A PARTICULAR PURPOSE.

configure:5369: $? = 0
configure:5358: gcc -v >&5
Using built-in specs.
COLLECT_GCC=gcc
COLLECT_LTO_WRAPPER=/usr/lib/gcc/x86_64-linux-gnu/7/lto-wrapper
OFFLOAD_TARGET_NAMES=nvptx-none
OFFLOAD_TARGET_DEFAULT=1
Target: x86_64-linux-gnu
Configured with: ../src/configure -v --with-pkgversion='Ubuntu 7.3.0-16ubuntu3' --with-bugurl=file:///usr/share/doc/gcc-7/README.Bugs --enable-languages=c,ada,c++,go,brig,d,fortran,objc,obj-c++ --prefix=/usr --with-gcc-major-version-only --with-as=/usr/bin/x86_64-linux-gnu-as --with-ld=/usr/bin/x86_64-linux-gnu-ld --program-suffix=-7 --program-prefix=x86_64-linux-gnu- --enable-shared --enable-linker-build-id --libexecdir=/usr/lib --without-included-gettext --enable-threads=posix --libdir=/usr/lib --enable-nls --with-sysroot=/ --enable-clocale=gnu --enable-libstdcxx-debug --enable-libstdcxx-time=yes --with-default-libstdcxx-abi=new --enable-gnu-unique-object --disable-vtable-verify --enable-libmpx --enable-plugin --enable-default-pie --with-system-zlib --with-target-system-zlib --enable-objc-gc=auto --enable-multiarch --disable-werror --with-arch-32=i686 --with-abi=m64 --with-multilib-list=m32,m64,mx32 --enable-multilib --with-tune=generic --enable-offload-targets=nvptx-none --without-cuda-driver --enable-checking=release --build=x86_64-linux-gnu --host=x86_64-linux-gnu --target=x86_64-linux-gnu
Thread model: posix
gcc version 7.3.0 (Ubuntu 7.3.0-16ubuntu3) 
configure:5369: $? = 0
configure:5358: gcc -V >&5
gcc: error: unrecognized command line option '-V'
gcc: fatal error: no input files
compilation terminated.
configure:5369: $? = 1
configure:5358: gcc -qversion >&5
gcc: error: unrecognized command line option '-qversion'; did you mean '--version'?
gcc: fatal error: no input files
compilation terminated.
configure:5369: $? = 1
configure:5373: checking whether we are using the GNU C compiler
configure:5392: gcc -c   conftest.c >&5
configure:5392: $? = 0
configure:5401: result: yes
configure:5410: checking whether gcc accepts -g
configure:5430: gcc -c -g  conftest.c >&5
configure:5430: $? = 0
configure:5471: result: yes
configure:5488: checking for gcc option to accept ISO C89
configure:5551: gcc  -c -g -O2  conftest.c >&5
configure:5551: $? = 0
configure:5564: result: none needed
configure:5589: checking whether gcc understands -c and -o together
configure:5611: gcc -c conftest.c -o conftest2.o
configure:5614: $? = 0
configure:5611: gcc -c conftest.c -o conftest2.o
configure:5614: $? = 0
configure:5626: result: yes
configure:5645: checking dependency style of gcc
configure:5756: result: gcc3
configure:5801: checking whether the Boost::Program_Options library is available
configure:5825: mpic++ -c -g -O2  -I/usr/include conftest.cpp >&5
configure:5825: $? = 0
configure:5839: result: yes
configure:5850: checking for exit in -lboost_program_options
configure:5875: mpic++ -o conftest -g -O2  -I/usr/include  -L/usr/lib/x86_64-linux-gnu conftest.cpp -lboost_program_options   >&5
conftest.cpp:20:6: warning: declaration of 'char exit()' conflicts with built-in declaration 'void exit(int)' [-Wbuiltin-declaration-mismatch]
 char exit ();
      ^~~~
configure:5875: $? = 0
configure:5885: result: yes

## ---------------- ##
## Cache variables. ##
## ---------------- ##

ac_cv_build=x86_64-pc-linux-gnu
ac_cv_c_compiler_gnu=yes
ac_cv_cxx_compiler_gnu=yes
ac_cv_env_CCC_set=
ac_cv_env_CCC_value=
ac_cv_env_CC_set=
ac_cv_env_CC_value=
ac_cv_env_CFLAGS_set=
ac_cv_env_CFLAGS_value=
ac_cv_env_CPPFLAGS_set=
ac_cv_env_CPPFLAGS_value=
ac_cv_env_CXXFLAGS_set=
ac_cv_env_CXXFLAGS_value=
ac_cv_env_CXX_set=
ac_cv_env_CXX_value=
ac_cv_env_LDFLAGS_set=
ac_cv_env_LDFLAGS_value=
ac_cv_env_LIBS_set=
ac_cv_env_LIBS_value=
ac_cv_env_build_alias_set=
ac_cv_env_build_alias_value=
ac_cv_env_host_alias_set=
ac_cv_env_host_alias_value=
ac_cv_env_target_alias_set=
ac_cv_env_target_alias_value=
ac_cv_host=x86_64-pc-linux-gnu
ac_cv_lib_boost_program_options___exit=yes
ac_cv_objext=o
ac_cv_path_install='/usr/bin/install -c'
ac_cv_path_mkdir=/bin/mkdir
ac_cv_prog_AWK=gawk
ac_cv_prog_ac_ct_CC=gcc
ac_cv_prog_ac_ct_CXX=mpic++
ac_cv_prog_ac_ct_RANLIB=ranlib
ac_cv_prog_cc_c89=
ac_cv_prog_cc_g=yes
ac_cv_prog_cxx_g=yes
ac_cv_prog_make_make_set=yes
am_cv_CC_dependencies_compiler_type=gcc3
am_cv_CXX_dependencies_compiler_type=gcc3
am_cv_make_support_nested_variables=yes
am_cv_prog_cc_c_o=yes
ax_cv_boost_program_options=yes

## ----------------- ##
## Output variables. ##
## ----------------- ##

ACLOCAL='${SHELL} /home/mussmann/local/src/Comp-D_MPI/missing aclocal-1.15'
AMDEPBACKSLASH='\'
AMDEP_FALSE='#'
AMDEP_TRUE=''
AMTAR='$${TAR-tar}'
AM_BACKSLASH='\'
AM_DEFAULT_V='$(AM_DEFAULT_VERBOSITY)'
AM_DEFAULT_VERBOSITY='1'
AM_V='$(V)'
AUTOCONF='${SHELL} /home/mussmann/local/src/Comp-D_MPI/missing autoconf'
AUTOHEADER='${SHELL} /home/mussmann/local/src/Comp-D_MPI/missing autoheader'
AUTOMAKE='${SHELL} /home/mussmann/local/src/Comp-D_MPI/missing automake-1.15'
AWK='gawk'
BOOST_CPPFLAGS='-I/usr/include'
BOOST_LDFLAGS='-L/usr/lib/x86_64-linux-gnu'
BOOST_PROGRAM_OPTIONS_LIB='-lboost_program_options'
CC='gcc'
CCDEPMODE='depmode=gcc3'
CFLAGS='-g -O2'
CPPFLAGS=''
CXX='mpic++'
CXXDEPMODE='depmode=gcc3'
CXXFLAGS='-g -O2'
CYGPATH_W='echo'
DEFS='-DPACKAGE_NAME=\"compDmpi\" -DPACKAGE_TARNAME=\"compdmpi\" -DPACKAGE_VERSION=\"1.0\" -DPACKAGE_STRING=\"compDmpi\ 1.0\" -DPACKAGE_BUGREPORT=\"mussmann@email.uark.edu\" -DPACKAGE_URL=\"\" -DPACKAGE=\"compdmpi\" -DVERSION=\"1.0\"'
DEPDIR='.deps'
ECHO_C=''
ECHO_N='-n'
ECHO_T=''
EXEEXT=''
INSTALL_DATA='${INSTALL} -m 644'
INSTALL_PROGRAM='${INSTALL}'
INSTALL_SCRIPT='${INSTALL}'
INSTALL_STRIP_PROGRAM='$(install_sh) -c -s'
LDFLAGS=''
LIBOBJS=''
LIBS=''
LTLIBOBJS=''
MAKEINFO='${SHELL} /home/mussmann/local/src/Comp-D_MPI/missing makeinfo'
MKDIR_P='/bin/mkdir -p'
OBJEXT='o'
PACKAGE='compdmpi'
PACKAGE_BUGREPORT='mussmann@email.uark.edu'
PACKAGE_NAME='compDmpi'
PACKAGE_STRING='compDmpi 1.0'
PACKAGE_TARNAME='compdmpi'
PACKAGE_URL=''
PACKAGE_VERSION='1.0'
PATH_SEPARATOR=':'
RANLIB='ranlib'
SET_MAKE=''
SHELL='/bin/bash'
STRIP=''
VERSION='1.0'
ac_ct_CC='gcc'
ac_ct_CXX='mpic++'
am__EXEEXT_FALSE=''
am__EXEEXT_TRUE='#'
am__fastdepCC_FALSE='#'
am__fastdepCC_TRUE=''
am__fastdepCXX_FALSE='#'
am__fastdepCXX_TRUE=''
am__include='include'
am__isrc=''
am__leading_dot='.'
am__nodep='_no'
am__quote=''
am__tar='$${TAR-tar} chof - "$$tardir"'
am__untar='$${TAR-tar} xf -'
bindir='${exec_prefix}/bin'
build='x86_64-pc-linux-gnu'
build_alias=''
build_cpu='x86_64'
build_os='linux-gnu'
build_vendor='pc'
datadir='${datarootdir}'
datarootdir='${prefix}/share'
docdir='${datarootdir}/doc/${PACKAGE_TARNAME}'
dvidir='${docdir}'
exec_prefix='${prefix}'
host='x86_64-pc-linux-gnu'
host_alias=''
host_cpu='x86_64'
host_os='linux-gnu'
host_vendor='pc'
htmldir='${docdir}'
includedir='${prefix}/include'
infodir='${datarootdir}/info'
install_sh='${SHELL} /home/mussmann/local/src/Comp-D_MPI/install-sh'
libdir='${exec_prefix}/lib'
libexecdir='${exec_prefix}/libexec'
localedir='${datarootdir}/locale'
localstatedir='${prefix}/var'
mandir='${datarootdir}/man'
mkdir_p='$(MKDIR_P)'
oldincludedir='/usr/include'
pdfdir='${docdir}'
prefix='/usr/local'
program_transform_name='s,x,x,'
psdir='${docdir}'
runstatedir='${localstatedir}/run'
sbindir='${exec_prefix}/sbin'
sharedstatedir='${prefix}/com'
sysconfdir='${prefix}/etc'
target_alias=''

## ----------- ##
## confdefs.h. ##
## ----------- ##

/* confdefs.h */
#define PACKAGE_NAME "compDmpi"
#define PACKAGE_TARNAME "compdmpi"
#define PACKAGE_VERSION "1.0"
#define PACKAGE_STRING "compDmpi 1.0"
#define PACKAGE_BUGREPORT "mussmann@email.uark.edu"
#define PACKAGE_URL ""
#define PACKAGE "compdmpi"
#define VERSION "1.0"
#define HAVE_BOOST /**/
#define HAVE_BOOST_PROGRAM_OPTIONS /**/

configure: exit 0
